Initialized automation/state/job-search-runtime.sqlite
DISPATCH_STATUS=completed
RUN_LOG=automation/runs/2026-07-02-2138-pi-job-search-handoff-dispatch.md
JOB_SEARCH_OUTPUT_BEGIN
Status: completed; verdict `wait` for thin duplicate LinkedIn shell.

Run log: `automation/runs/2026-07-02-214008-linkedin-4431600451-handoff-complete.md`

```yaml
handoff_type: user_reply
source_agent: job-search
domain: personal-brand/job-search
priority: normal
user_intent: vacancy_review
summary: "LinkedIn job 4431600451 for Viaquant Partners Engineering Manager in Limassol is still only a thin posting shell and was already captured as a digest signal."
verdict: wait
reasons:
  - "LinkedIn exposes only company, title, location, full-time status, outside-LinkedIn apply flow, and 12 applicant clicks."
  - "No full JD, requirements, compensation, remote/legal setup, or relocation/family logistics are available."
  - "Exact job id already exists in the thin Cyprus Engineering Manager digest and Gmail monitor run."
cv: null
cover_letter: null
next_action: "Reopen only if a full JD or recruiter/human reply appears."
artifacts:
  - "automation/runs/2026-07-02-214008-linkedin-4431600451-handoff-complete.md"
  - "personal-projects/personal-brand/workspace/job-intake/processed/2026-07-02-linkedin-job-alert-4431600451-handoff.md"
  - "inbox/processed/2026-07-02-linkedin-thin-cyprus-engineering-manager-digest.md"
  - "automation/runs/2026-07-02-1222-pi-job-search-gmail-monitor.md"
  - "automation/runs/2026-07-02-2033-linkedin-4431600451-dispatch-interrupted.md"
blocked_on: []
```

JOB_SEARCH_OUTPUT_END
